<?xml version="1.0" encoding="UTF-8"?>
<!-- Generated by org.testng.reporters.JUnitReportReporter -->
<testsuite hostname="LAPTOP-94T71VHN" failures="0" tests="1" name="Module02_InvalidDetails_TEST.TC2_SwagLabLoginWithInvalidDetailsTest" time="5.322" errors="0" timestamp="2024-02-24T12:34:17 IST" skipped="0">
  <testcase classname="Module02_InvalidDetails_TEST.TC2_SwagLabLoginWithInvalidDetailsTest" name="verifyErrorMSG" time="5.322"/>
</testsuite> <!-- Module02_InvalidDetails_TEST.TC2_SwagLabLoginWithInvalidDetailsTest -->
