<?xml version="1.0" encoding="UTF-8"?>
<!-- Generated by org.testng.reporters.JUnitReportReporter -->
<testsuite hostname="LAPTOP-94T71VHN" failures="0" tests="1" name="Module03_TC3_AddToCartProduct_TEST.TC3_SwagLabAddToCartProductTest" time="9.336" errors="0" timestamp="2024-02-24T12:35:59 IST" skipped="0">
  <testcase classname="Module03_TC3_AddToCartProduct_TEST.TC3_SwagLabAddToCartProductTest" name="verifyPN" time="9.336"/>
</testsuite> <!-- Module03_TC3_AddToCartProduct_TEST.TC3_SwagLabAddToCartProductTest -->
